Determining if the pthread_create exist failed with the following output:
Change Dir: /home/amhil/Devel/james/roboclaw_ws/build/CMakeFiles/CMakeTmp

Run Build Command:"/usr/bin/make" "cmTC_39042/fast"
/usr/bin/make -f CMakeFiles/cmTC_39042.dir/build.make CMakeFiles/cmTC_39042.dir/build
make[1]: Entering directory '/home/amhil/Devel/james/roboclaw_ws/build/CMakeFiles/CMakeTmp'
Building C object CMakeFiles/cmTC_39042.dir/CheckSymbolExists.c.o
/usr/bin/cc     -o CMakeFiles/cmTC_39042.dir/CheckSymbolExists.c.o   -c /home/amhil/Devel/james/roboclaw_ws/build/CMakeFiles/CMakeTmp/CheckSymbolExists.c
Linking C executable cmTC_39042
/usr/bin/cmake -E cmake_link_script CMakeFiles/cmTC_39042.dir/link.txt --verbose=1
/usr/bin/cc       CMakeFiles/cmTC_39042.dir/CheckSymbolExists.c.o  -o cmTC_39042 -rdynamic 
CMakeFiles/cmTC_39042.dir/CheckSymbolExists.c.o: In function `main':
CheckSymbolExists.c:(.text+0xe): undefined reference to `pthread_create'
CheckSymbolExists.c:(.text+0x12): undefined reference to `pthread_create'
collect2: error: ld returned 1 exit status
CMakeFiles/cmTC_39042.dir/build.make:97: recipe for target 'cmTC_39042' failed
make[1]: *** [cmTC_39042] Error 1
make[1]: Leaving directory '/home/amhil/Devel/james/roboclaw_ws/build/CMakeFiles/CMakeTmp'
Makefile:126: recipe for target 'cmTC_39042/fast' failed
make: *** [cmTC_39042/fast] Error 2

File /home/amhil/Devel/james/roboclaw_ws/build/CMakeFiles/CMakeTmp/CheckSymbolExists.c:
/* */
#include <pthread.h>

int main(int argc, char** argv)
{
  (void)argv;
#ifndef pthread_create
  return ((int*)(&pthread_create))[argc];
#else
  (void)argc;
  return 0;
#endif
}

Determining if the function pthread_create exists in the pthreads failed with the following output:
Change Dir: /home/amhil/Devel/james/roboclaw_ws/build/CMakeFiles/CMakeTmp

Run Build Command:"/usr/bin/make" "cmTC_4d8b7/fast"
/usr/bin/make -f CMakeFiles/cmTC_4d8b7.dir/build.make CMakeFiles/cmTC_4d8b7.dir/build
make[1]: Entering directory '/home/amhil/Devel/james/roboclaw_ws/build/CMakeFiles/CMakeTmp'
Building C object CMakeFiles/cmTC_4d8b7.dir/CheckFunctionExists.c.o
/usr/bin/cc    -DCHECK_FUNCTION_EXISTS=pthread_create   -o CMakeFiles/cmTC_4d8b7.dir/CheckFunctionExists.c.o   -c /usr/share/cmake-3.5/Modules/CheckFunctionExists.c
Linking C executable cmTC_4d8b7
/usr/bin/cmake -E cmake_link_script CMakeFiles/cmTC_4d8b7.dir/link.txt --verbose=1
/usr/bin/cc   -DCHECK_FUNCTION_EXISTS=pthread_create    CMakeFiles/cmTC_4d8b7.dir/CheckFunctionExists.c.o  -o cmTC_4d8b7 -rdynamic -lpthreads 
/usr/bin/ld: cannot find -lpthreads
collect2: error: ld returned 1 exit status
CMakeFiles/cmTC_4d8b7.dir/build.make:97: recipe for target 'cmTC_4d8b7' failed
make[1]: *** [cmTC_4d8b7] Error 1
make[1]: Leaving directory '/home/amhil/Devel/james/roboclaw_ws/build/CMakeFiles/CMakeTmp'
Makefile:126: recipe for target 'cmTC_4d8b7/fast' failed
make: *** [cmTC_4d8b7/fast] Error 2


Determining if the pthread_create exist failed with the following output:
Change Dir: /home/amhil/Devel/james_testing/roboclaw_ws/build/CMakeFiles/CMakeTmp

Run Build Command:"/usr/bin/make" "cmTC_b803a/fast"
/usr/bin/make -f CMakeFiles/cmTC_b803a.dir/build.make CMakeFiles/cmTC_b803a.dir/build
make[1]: Entering directory '/home/amhil/Devel/james_testing/roboclaw_ws/build/CMakeFiles/CMakeTmp'
Building C object CMakeFiles/cmTC_b803a.dir/CheckSymbolExists.c.o
/usr/bin/cc     -o CMakeFiles/cmTC_b803a.dir/CheckSymbolExists.c.o   -c /home/amhil/Devel/james_testing/roboclaw_ws/build/CMakeFiles/CMakeTmp/CheckSymbolExists.c
Linking C executable cmTC_b803a
/usr/bin/cmake -E cmake_link_script CMakeFiles/cmTC_b803a.dir/link.txt --verbose=1
/usr/bin/cc       CMakeFiles/cmTC_b803a.dir/CheckSymbolExists.c.o  -o cmTC_b803a -rdynamic 
CMakeFiles/cmTC_b803a.dir/CheckSymbolExists.c.o: In function `main':
CheckSymbolExists.c:(.text+0xe): undefined reference to `pthread_create'
CheckSymbolExists.c:(.text+0x12): undefined reference to `pthread_create'
collect2: error: ld returned 1 exit status
CMakeFiles/cmTC_b803a.dir/build.make:97: recipe for target 'cmTC_b803a' failed
make[1]: *** [cmTC_b803a] Error 1
make[1]: Leaving directory '/home/amhil/Devel/james_testing/roboclaw_ws/build/CMakeFiles/CMakeTmp'
Makefile:126: recipe for target 'cmTC_b803a/fast' failed
make: *** [cmTC_b803a/fast] Error 2

File /home/amhil/Devel/james_testing/roboclaw_ws/build/CMakeFiles/CMakeTmp/CheckSymbolExists.c:
/* */
#include <pthread.h>

int main(int argc, char** argv)
{
  (void)argv;
#ifndef pthread_create
  return ((int*)(&pthread_create))[argc];
#else
  (void)argc;
  return 0;
#endif
}

Determining if the function pthread_create exists in the pthreads failed with the following output:
Change Dir: /home/amhil/Devel/james_testing/roboclaw_ws/build/CMakeFiles/CMakeTmp

Run Build Command:"/usr/bin/make" "cmTC_2f5fe/fast"
/usr/bin/make -f CMakeFiles/cmTC_2f5fe.dir/build.make CMakeFiles/cmTC_2f5fe.dir/build
make[1]: Entering directory '/home/amhil/Devel/james_testing/roboclaw_ws/build/CMakeFiles/CMakeTmp'
Building C object CMakeFiles/cmTC_2f5fe.dir/CheckFunctionExists.c.o
/usr/bin/cc    -DCHECK_FUNCTION_EXISTS=pthread_create   -o CMakeFiles/cmTC_2f5fe.dir/CheckFunctionExists.c.o   -c /usr/share/cmake-3.5/Modules/CheckFunctionExists.c
Linking C executable cmTC_2f5fe
/usr/bin/cmake -E cmake_link_script CMakeFiles/cmTC_2f5fe.dir/link.txt --verbose=1
/usr/bin/cc   -DCHECK_FUNCTION_EXISTS=pthread_create    CMakeFiles/cmTC_2f5fe.dir/CheckFunctionExists.c.o  -o cmTC_2f5fe -rdynamic -lpthreads 
/usr/bin/ld: cannot find -lpthreads
collect2: error: ld returned 1 exit status
CMakeFiles/cmTC_2f5fe.dir/build.make:97: recipe for target 'cmTC_2f5fe' failed
make[1]: *** [cmTC_2f5fe] Error 1
make[1]: Leaving directory '/home/amhil/Devel/james_testing/roboclaw_ws/build/CMakeFiles/CMakeTmp'
Makefile:126: recipe for target 'cmTC_2f5fe/fast' failed
make: *** [cmTC_2f5fe/fast] Error 2


